TN:
SF:/home/c141/cursus/red_tetris_boilerplate/src/client/actions/alert.js
FN:3,alert
FNF:1
FNH:0
FNDA:0,alert
LF:0
LH:0
BRF:0
BRH:0
end_of_record
TN:
SF:/home/c141/cursus/red_tetris_boilerplate/src/client/actions/game.js
FN:3,gameAction
FNF:1
FNH:0
FNDA:0,gameAction
LF:0
LH:0
BRF:0
BRH:0
end_of_record
TN:
SF:/home/c141/cursus/red_tetris_boilerplate/src/client/actions/server.js
FN:1,ping
FNF:1
FNH:0
FNDA:0,ping
LF:0
LH:0
BRF:0
BRH:0
end_of_record
TN:
SF:/home/c141/cursus/red_tetris_boilerplate/src/client/components/test.js
FN:5,Board
FN:21,Cell2
FN:29,Line
FN:67,Cell
FN:71,onClick
FN:78,mapStateToProps
FN:84,mapDispatchToProps
FNF:7
FNH:0
FNDA:0,Board
FNDA:0,Cell2
FNDA:0,Line
FNDA:0,Cell
FNDA:0,onClick
FNDA:0,mapStateToProps
FNDA:0,mapDispatchToProps
LF:0
LH:0
BRF:0
BRH:0
end_of_record
TN:
SF:/home/c141/cursus/red_tetris_boilerplate/src/client/containers/app.js
FN:5,App
FN:16,mapStateToProps
FNF:2
FNH:0
FNDA:0,App
FNDA:0,mapStateToProps
LF:0
LH:0
BRF:0
BRH:0
end_of_record
TN:
SF:/home/c141/cursus/red_tetris_boilerplate/src/client/index.js
FNF:0
FNH:0
LF:0
LH:0
BRF:0
BRH:0
end_of_record
TN:
SF:/home/c141/cursus/red_tetris_boilerplate/src/client/middleware/storeStateMiddleWare.js
FN:1,storeStateMiddleWare
FN:2,(anonymous_3)
FNF:2
FNH:0
FNDA:0,storeStateMiddleWare
FNDA:0,(anonymous_3)
LF:0
LH:0
BRF:0
BRH:0
end_of_record
TN:
SF:/home/c141/cursus/red_tetris_boilerplate/src/client/reducers/alert.js
FN:3,reducer
FNF:1
FNH:0
FNDA:0,reducer
LF:0
LH:0
BRDA:3,1,0,0
BRDA:3,1,1,0
BRDA:3,2,0,0
BRDA:3,2,1,0
BRDA:5,3,0,0
BRDA:5,3,1,0
BRF:6
BRH:0
end_of_record
TN:
SF:/home/c141/cursus/red_tetris_boilerplate/src/client/reducers/game.js
FN:26,reducer
FNF:1
FNH:0
FNDA:0,reducer
LF:0
LH:0
BRDA:26,1,0,0
BRDA:26,1,1,0
BRDA:26,2,0,0
BRDA:26,2,1,0
BRDA:28,3,0,0
BRDA:28,3,1,0
BRF:6
BRH:0
end_of_record
TN:
SF:/home/c141/cursus/red_tetris_boilerplate/src/client/reducers/index.js
FNF:0
FNH:0
LF:0
LH:0
BRF:0
BRH:0
end_of_record
TN:
SF:/home/c141/cursus/red_tetris_boilerplate/src/game/game.js
FN:10,game
FN:21,(anonymous_8)
FN:28,(anonymous_10)
FN:30,(anonymous_11)
FN:43,(anonymous_14)
FN:53,(anonymous_16)
FNF:6
FNH:0
FNDA:0,game
FNDA:0,(anonymous_8)
FNDA:0,(anonymous_10)
FNDA:0,(anonymous_11)
FNDA:0,(anonymous_14)
FNDA:0,(anonymous_16)
DA:10,1
LF:1
LH:1
BRF:0
BRH:0
end_of_record
TN:
SF:/home/c141/cursus/red_tetris_boilerplate/src/game/piece.js
FN:2,piece
FNF:1
FNH:0
FNDA:0,piece
LF:0
LH:0
BRF:0
BRH:0
end_of_record
TN:
SF:/home/c141/cursus/red_tetris_boilerplate/src/game/player.js
FN:5,player
FN:19,(anonymous_9)
FNF:2
FNH:0
FNDA:0,player
FNDA:0,(anonymous_9)
DA:5,1
DA:20,0
DA:21,0
DA:40,0
LF:4
LH:1
BRDA:20,1,0,0
BRDA:20,1,1,0
BRDA:40,2,0,0
BRDA:40,2,1,0
BRF:4
BRH:0
end_of_record
TN:
SF:/home/c141/cursus/red_tetris_boilerplate/src/game/rules.js
FN:1,checkMove
FN:5,moveDown
FN:10,checkLines
FN:14,mergePieceInBuffer
FNF:4
FNH:0
FNDA:0,checkMove
FNDA:0,moveDown
FNDA:0,checkLines
FNDA:0,mergePieceInBuffer
DA:1,1
DA:5,1
DA:10,1
DA:14,1
LF:4
LH:4
BRF:0
BRH:0
end_of_record
TN:
SF:/home/c141/cursus/red_tetris_boilerplate/src/server/index.js
FN:7,initApp
FN:9,handler
FN:11,(anonymous_4)
FN:24,(anonymous_5)
FN:30,initEngine
FN:31,(anonymous_7)
FN:33,(anonymous_8)
FN:41,create
FN:42,(anonymous_10)
FN:44,(anonymous_11)
FN:46,stop
FN:48,(anonymous_13)
FNF:12
FNH:0
FNDA:0,initApp
FNDA:0,handler
FNDA:0,(anonymous_4)
FNDA:0,(anonymous_5)
FNDA:0,initEngine
FNDA:0,(anonymous_7)
FNDA:0,(anonymous_8)
FNDA:0,create
FNDA:0,(anonymous_10)
FNDA:0,(anonymous_11)
FNDA:0,stop
FNDA:0,(anonymous_13)
DA:12,0
DA:34,0
DA:41,1
LF:3
LH:1
BRDA:10,1,0,0
BRDA:10,1,1,0
BRDA:12,2,0,0
BRDA:12,2,1,0
BRDA:34,3,0,0
BRDA:34,3,1,0
BRF:6
BRH:0
end_of_record
TN:
SF:/home/c141/cursus/red_tetris_boilerplate/src/server/main.js
FNF:0
FNH:0
LF:0
LH:0
BRF:0
BRH:0
end_of_record
TN:
SF:/home/c141/cursus/red_tetris_boilerplate/src/server/params.js
FN:5,(anonymous_1)
FNF:1
FNH:0
FNDA:0,(anonymous_1)
LF:0
LH:0
BRF:0
BRH:0
end_of_record
